  Vector2D.cpp
c:\users\s179056\documents\repos\consolerougelike\rougelike\rougelikev2\vector2d.cpp(6): warning C4244: 'initializing': conversion from 'double' to 'float', possible loss of data
c:\users\s179056\documents\repos\consolerougelike\rougelike\rougelikev2\vector2d.cpp(7): warning C4244: '=': conversion from 'double' to 'float', possible loss of data
c:\users\s179056\documents\repos\consolerougelike\rougelike\rougelikev2\vector2d.cpp(8): warning C4244: 'return': conversion from 'int' to 'float', possible loss of data
  Player.cpp
c:\users\s179056\documents\repos\consolerougelike\rougelike\rougelikev2\player.h(3): warning C4067: unexpected tokens following preprocessor directive - expected a newline
  MessageBoxUI.cpp
  Message.cpp
  Main.cpp
c:\users\s179056\documents\repos\consolerougelike\rougelike\rougelikev2\player.h(3): warning C4067: unexpected tokens following preprocessor directive - expected a newline
c:\users\s179056\documents\repos\consolerougelike\rougelike\rougelikev2\enemy.h(3): warning C4067: unexpected tokens following preprocessor directive - expected a newline
c:\users\s179056\documents\repos\consolerougelike\rougelike\rougelikev2\main.cpp(59): warning C4309: 'initializing': truncation of constant value
c:\users\s179056\documents\repos\consolerougelike\rougelike\rougelikev2\main.cpp(144): warning C4309: '=': truncation of constant value
c:\users\s179056\documents\repos\consolerougelike\rougelike\rougelikev2\main.cpp(150): warning C4309: '=': truncation of constant value
c:\users\s179056\documents\repos\consolerougelike\rougelike\rougelikev2\main.cpp(153): warning C4309: '=': truncation of constant value
c:\users\s179056\documents\repos\consolerougelike\rougelike\rougelikev2\main.cpp(205): warning C4244: 'argument': conversion from 'time_t' to 'unsigned int', possible loss of data
c:\users\s179056\documents\repos\consolerougelike\rougelike\rougelikev2\main.cpp(261): warning C4101: 'tempChar': unreferenced local variable
c:\users\s179056\documents\repos\consolerougelike\rougelike\rougelikev2\main.cpp(465): warning C4244: 'initializing': conversion from 'float' to 'int', possible loss of data
c:\users\s179056\documents\repos\consolerougelike\rougelike\rougelikev2\main.cpp(648): warning C4551: function call missing argument list
  GameObject.cpp
c:\users\s179056\documents\repos\consolerougelike\rougelike\rougelikev2\gameobject.h(3): warning C4067: unexpected tokens following preprocessor directive - expected a newline
  Enemy.cpp
c:\users\s179056\documents\repos\consolerougelike\rougelike\rougelikev2\enemy.h(3): warning C4067: unexpected tokens following preprocessor directive - expected a newline
  Generating Code...
c:\users\s179056\documents\repos\consolerougelike\rougelike\rougelikev2\main.cpp(664): warning C4715: 'areAllEnemiesDead': not all control paths return a value
c:\users\s179056\documents\repos\consolerougelike\rougelike\rougelikev2\main.cpp(478): warning C4715: 'input': not all control paths return a value
  RougelikeV2.vcxproj -> C:\Users\s179056\Documents\repos\ConsoleRougelike\Rougelike\x64\Debug\RougelikeV2.exe
  RougelikeV2.vcxproj -> C:\Users\s179056\Documents\repos\ConsoleRougelike\Rougelike\x64\Debug\RougelikeV2.pdb (Partial PDB)
